<?xml version="1.0" encoding="UTF-8"?>
<!-- Generated by org.testng.reporters.JUnitReportReporter -->
<testsuite hostname="DESKTOP-SKD7P2V" failures="0" tests="1" name="WheatherTestClasses.TestCases" time="1.550" errors="0" timestamp="2022-10-14T06:13:02 IST" skipped="0">
  <testcase classname="WheatherTestClasses.TestCases" name="ClickOnAllCity" time="1.550"/>
  <system-out/>
</testsuite> <!-- WheatherTestClasses.TestCases -->
