<?xml version="1.0" encoding="UTF-8"?>
<!-- Generated by org.testng.reporters.JUnitReportReporter -->
<testsuite hostname="DESKTOP-SKD7P2V" failures="0" tests="2" name="TestCases" time="24.898" errors="0" timestamp="2022-10-13T19:39:26 IST" skipped="0">
  <testcase classname="TestCases" name="search" time="1.071"/>
  <system-out/>
  <testcase classname="TestCases" name="mukesh" time="23.827"/>
  <system-out/>
</testsuite> <!-- TestCases -->
