<?xml version="1.0" encoding="UTF-8"?>
<!-- Generated by org.testng.reporters.JUnitReportReporter -->
<testsuite hostname="DESKTOP-SKD7P2V" failures="0" tests="1" name="WheatherTestClasses.ConvertTempDegreeToDouble" time="2.069" errors="0" timestamp="2022-10-14T06:21:33 IST" skipped="0">
  <testcase classname="WheatherTestClasses.ConvertTempDegreeToDouble" name="ClickOnAllCity" time="2.069"/>
  <system-out/>
</testsuite> <!-- WheatherTestClasses.ConvertTempDegreeToDouble -->
