<?xml version="1.0" encoding="UTF-8"?>
<!-- Generated by org.testng.reporters.JUnitReportReporter -->
<testsuite hostname="DESKTOP-SKD7P2V" failures="0" tests="1" name="WheatherTestClasses.CityAndTemparature" time="6.797" errors="0" timestamp="2022-10-14T06:17:45 IST" skipped="0">
  <testcase classname="WheatherTestClasses.CityAndTemparature" name="getTemparatureOfallCities" time="6.797"/>
  <system-out/>
</testsuite> <!-- WheatherTestClasses.CityAndTemparature -->
